0 info it worked if it ends with ok
1 verbose cli [ 'node', '/usr/local/bin/npm', 'publish' ]
2 info using npm@1.4.9
3 info using node@v0.10.28
4 verbose publish [ '.' ]
5 verbose cache add [ '.', null ]
6 verbose cache add name=undefined spec="." args=[".",null]
7 verbose parsed url { protocol: null,
7 verbose parsed url   slashes: null,
7 verbose parsed url   auth: null,
7 verbose parsed url   host: null,
7 verbose parsed url   port: null,
7 verbose parsed url   hostname: null,
7 verbose parsed url   hash: null,
7 verbose parsed url   search: null,
7 verbose parsed url   query: null,
7 verbose parsed url   pathname: '.',
7 verbose parsed url   path: '.',
7 verbose parsed url   href: '.' }
8 silly lockFile 3a52ce78- .
9 verbose lock . /Users/JesusElementSoftware/.npm/3a52ce78-.lock
10 verbose tar pack [ '/var/folders/51/61zhyfvn627_w3t4623spky80000gn/T/npm-5223-iQfjMNcV/1410170543962-0.38718930911272764/tmp.tgz',
10 verbose tar pack   '.' ]
11 verbose tarball /var/folders/51/61zhyfvn627_w3t4623spky80000gn/T/npm-5223-iQfjMNcV/1410170543962-0.38718930911272764/tmp.tgz
12 verbose folder .
13 info prepublish color-logs@0.2.3
14 silly lockFile 1f1177db-tar tar://.
15 verbose lock tar://. /Users/JesusElementSoftware/.npm/1f1177db-tar.lock
16 silly lockFile 89a6b64b-3962-0-38718930911272764-tmp-tgz tar:///var/folders/51/61zhyfvn627_w3t4623spky80000gn/T/npm-5223-iQfjMNcV/1410170543962-0.38718930911272764/tmp.tgz
17 verbose lock tar:///var/folders/51/61zhyfvn627_w3t4623spky80000gn/T/npm-5223-iQfjMNcV/1410170543962-0.38718930911272764/tmp.tgz /Users/JesusElementSoftware/.npm/89a6b64b-3962-0-38718930911272764-tmp-tgz.lock
18 silly lockFile 1f1177db-tar tar://.
19 silly lockFile 1f1177db-tar tar://.
20 silly lockFile 89a6b64b-3962-0-38718930911272764-tmp-tgz tar:///var/folders/51/61zhyfvn627_w3t4623spky80000gn/T/npm-5223-iQfjMNcV/1410170543962-0.38718930911272764/tmp.tgz
21 silly lockFile 89a6b64b-3962-0-38718930911272764-tmp-tgz tar:///var/folders/51/61zhyfvn627_w3t4623spky80000gn/T/npm-5223-iQfjMNcV/1410170543962-0.38718930911272764/tmp.tgz
22 verbose tar unpack /var/folders/51/61zhyfvn627_w3t4623spky80000gn/T/npm-5223-iQfjMNcV/1410170543962-0.38718930911272764/tmp.tgz
23 silly lockFile 11fe186b-are-npm-color-logs-0-2-3-package tar:///Users/JesusElementSoftware/.npm/color-logs/0.2.3/package
24 verbose lock tar:///Users/JesusElementSoftware/.npm/color-logs/0.2.3/package /Users/JesusElementSoftware/.npm/11fe186b-are-npm-color-logs-0-2-3-package.lock
25 silly lockFile 89a6b64b-3962-0-38718930911272764-tmp-tgz tar:///var/folders/51/61zhyfvn627_w3t4623spky80000gn/T/npm-5223-iQfjMNcV/1410170543962-0.38718930911272764/tmp.tgz
26 verbose lock tar:///var/folders/51/61zhyfvn627_w3t4623spky80000gn/T/npm-5223-iQfjMNcV/1410170543962-0.38718930911272764/tmp.tgz /Users/JesusElementSoftware/.npm/89a6b64b-3962-0-38718930911272764-tmp-tgz.lock
27 silly gunzTarPerm modes [ '755', '644' ]
28 silly gunzTarPerm extractEntry package.json
29 silly gunzTarPerm extractEntry README.md
30 silly gunzTarPerm extractEntry color-logs.js
31 silly gunzTarPerm extractEntry LICENSE-MIT
32 silly gunzTarPerm extractEntry test/test.js
33 silly lockFile 11fe186b-are-npm-color-logs-0-2-3-package tar:///Users/JesusElementSoftware/.npm/color-logs/0.2.3/package
34 silly lockFile 11fe186b-are-npm-color-logs-0-2-3-package tar:///Users/JesusElementSoftware/.npm/color-logs/0.2.3/package
35 silly lockFile 89a6b64b-3962-0-38718930911272764-tmp-tgz tar:///var/folders/51/61zhyfvn627_w3t4623spky80000gn/T/npm-5223-iQfjMNcV/1410170543962-0.38718930911272764/tmp.tgz
36 silly lockFile 89a6b64b-3962-0-38718930911272764-tmp-tgz tar:///var/folders/51/61zhyfvn627_w3t4623spky80000gn/T/npm-5223-iQfjMNcV/1410170543962-0.38718930911272764/tmp.tgz
37 silly lockFile 3a52ce78- .
38 silly lockFile 3a52ce78- .
39 silly publish { name: 'color-logs',
39 silly publish   version: '0.2.3',
39 silly publish   description: 'Color-logs works as console.log logger on Node.js but with extra data and colors to make easier find the lines on your log files.',
39 silly publish   main: 'color-logs.js',
39 silly publish   scripts: { test: 'node /test/test.js' },
39 silly publish   repository:
39 silly publish    { type: 'git',
39 silly publish      url: 'https://github.com/jesuslg123/Color-Logs.git' },
39 silly publish   keywords: [ 'log', 'logs', 'color', 'helper', 'help' ],
39 silly publish   author: { name: 'Jesus L.G.' },
39 silly publish   license: 'BSD-2-Clause',
39 silly publish   bugs: { url: 'https://github.com/jesuslg123/Color-Logs/issues' },
39 silly publish   homepage: 'https://github.com/jesuslg123/Color-Logs',
39 silly publish   dependencies: { colors: 'x' },
39 silly publish   licenses:
39 silly publish    [ { type: 'MIT',
39 silly publish        url: 'https://github.com/jesuslg123/Color-Logs/blob/master/LICENSE-MIT' } ],
39 silly publish   readme: '#Color-logs\n\n###Node.js module to get better logs. \n\nColor-logs works as console.log logger on Node.js but with extra data and colors to make easier find the lines on your log files.\n\n## Installation\n\n  npm install color-logs\n\n## Usage\nYou can use all of them as console.log(), send just a string, multiple strings or mix strings and objects.\n\n    var log = require(\'color-logs.js\')(isLogEnabled, isDebugEnabled, __filename);\n    \n    log.Debug(...);\n    log.Info(...);\n    log.Warning(...);\n    log.Error(...);\n\n\n## Sample\n\n- 06 Jun 15:40:36.045 - **[file_name.js]** DEBUG: message {object to value also} *-> BLUE*\n- 06 Jun 15:40:36.045 - **[file_name.js]** INFO: message {object to value also} *-> GREEN*\n- 06 Jun 15:40:36.045 - **[file_name.js]** WARNING: message {object to value also} *-> YELLOW*\n- 06 Jun 15:40:36.045 - **[file_name.js]** ERROR: message {object to value also} *-> RED*\n\n![Color-logs](http://i59.tinypic.com/15mb9y9.png)\n\n\n\n## Release History\n\n* 0.2.3 Simply update readme image\n\n* 0.2.2 Enabled again test\n\n* 0.2.1 Disabled test\n\n* 0.2.0 Fixed test and enabled and disable bug and log\n\n* 0.1.0 Initial release\n',
39 silly publish   readmeFilename: 'README.md',
39 silly publish   _id: 'color-logs@0.2.3',
39 silly publish   _shasum: '1ccc74791695faa7bca99388e45a72f535201085',
39 silly publish   _from: '.' }
40 verbose url raw color-logs
41 verbose url resolving [ 'https://registry.npmjs.org/', './color-logs' ]
42 verbose url resolved https://registry.npmjs.org/color-logs
43 info trying registry request attempt 1 at 11:02:24
44 http PUT https://registry.npmjs.org/color-logs
45 http 403 https://registry.npmjs.org/color-logs
46 verbose headers { date: 'Mon, 08 Sep 2014 10:02:24 GMT',
46 verbose headers   server: 'CouchDB/1.5.0 (Erlang OTP/R14B04)',
46 verbose headers   'content-type': 'application/json',
46 verbose headers   'cache-control': 'max-age=60',
46 verbose headers   'content-length': '3905',
46 verbose headers   'accept-ranges': 'bytes',
46 verbose headers   via: '1.1 varnish',
46 verbose headers   'x-served-by': 'cache-ams4134-AMS',
46 verbose headers   'x-cache': 'MISS',
46 verbose headers   'x-cache-hits': '0',
46 verbose headers   'x-timer': 'S1410170544.268716,VS0,VE613',
46 verbose headers   'keep-alive': 'timeout=10, max=50',
46 verbose headers   connection: 'Keep-Alive' }
47 error publish Failed PUT 403
48 error Error: forbidden cannot modify pre-existing version: 0.2.3
48 error old={"name":"color-logs","version":"0.2.3","description":"Color-logs works as console.log logger on Node.js but with extra data and colors to make easier find the lines on your log files.","main":"color-logs.js","scripts":{"test":"node /test/test.js"},"repository":{"type":"git","url":"https://github.com/jesuslg123/Color-Logs.git"},"keywords":["log","logs","color","helper","help"],"author":{"name":"Jesus L.G."},"license":"BSD-2-Clause","bugs":{"url":"https://github.com/jesuslg123/Color-Logs/issues"},"homepage":"https://github.com/jesuslg123/Color-Logs","dependencies":{"colors":"x"},"licenses":[{"type":"MIT","url":"https://github.com/jesuslg123/Color-Logs/blob/master/LICENSE-MIT"}],"_id":"color-logs@0.2.3","_shasum":"48be092036dc4e17df469c560722b58a3f84dd64","_from":".","_npmVersion":"1.4.9","_npmUser":{"name":"jesuslg123","email":"jesuslg123@gmail.com"},"maintainers":[{"name":"jesuslg123","email":"jesuslg123@gmail.com"}],"dist":{"shasum":"48be092036dc4e17df469c560722b58a3f84dd64","tarball":"http://registry.npmjs.org/color-logs/-/color-logs-0.2.3.tgz"}}
48 error new={"name":"color-logs","version":"0.2.3","description":"Color-logs works as console.log logger on Node.js but with extra data and colors to make easier find the lines on your log files.","main":"color-logs.js","scripts":{"test":"node /test/test.js"},"repository":{"type":"git","url":"https://github.com/jesuslg123/Color-Logs.git"},"keywords":["log","logs","color","helper","help"],"author":{"name":"Jesus L.G."},"license":"BSD-2-Clause","bugs":{"url":"https://github.com/jesuslg123/Color-Logs/issues"},"homepage":"https://github.com/jesuslg123/Color-Logs","dependencies":{"colors":"x"},"licenses":[{"type":"MIT","url":"https://github.com/jesuslg123/Color-Logs/blob/master/LICENSE-MIT"}],"readme":"#Color-logs\u000a\u000a###Node.js module to get better logs. \u000a\u000aColor-logs works as console.log logger on Node.js but with extra data and colors to make easier find the lines on your log files.\u000a\u000a## Installation\u000a\u000a  npm install color-logs\u000a\u000a## Usage\u000aYou can use all of them as console.log(), send just a string, multiple strings or mix strings and objects.\u000a\u000a    var log = require('color-logs.js')(isLogEnabled, isDebugEnabled, __filename);\u000a    \u000a    log.Debug(...);\u000a    log.Info(...);\u000a    log.Warning(...);\u000a    log.Error(...);\u000a\u000a\u000a## Sample\u000a\u000a- 06 Jun 15:40:36.045 - **[file_name.js]** DEBUG: message {object to value also} *-> BLUE*\u000a- 06 Jun 15:40:36.045 - **[file_name.js]** INFO: message {object to value also} *-> GREEN*\u000a- 06 Jun 15:40:36.045 - **[file_name.js]** WARNING: message {object to value also} *-> YELLOW*\u000a- 06 Jun 15:40:36.045 - **[file_name.js]** ERROR: message {object to value also} *-> RED*\u000a\u000a![Color-logs](http://i59.tinypic.com/15mb9y9.png)\u000a\u000a\u000a\u000a## Release History\u000a\u000a* 0.2.3 Simply update readme image\u000a\u000a* 0.2.2 Enabled again test\u000a\u000a* 0.2.1 Disabled test\u000a\u000a* 0.2.0 Fixed test and enabled and disable bug and log\u000a\u000a* 0.1.0 Initial release\u000a","readmeFilename":"README.md","_id":"color-logs@0.2.3","_shasum":"1ccc74791695faa7bca99388e45a72f535201085","_from":".","_npmVersion":"1.4.9","_npmUser":{"name":"jesuslg123","email":"jesuslg123@gmail.com"},"maintainers":[{"name":"jesuslg123","email":"jesuslg123@gmail.com"}],"dist":{"shasum":"1ccc74791695faa7bca99388e45a72f535201085","tarball":"http://registry.npmjs.org/color-logs/-/color-logs-0.2.3.tgz"}}: color-logs
48 error     at RegClient.<anonymous> (/usr/local/lib/node_modules/npm/node_modules/npm-registry-client/lib/request.js:273:14)
48 error     at Request._callback (/usr/local/lib/node_modules/npm/node_modules/npm-registry-client/lib/request.js:211:65)
48 error     at Request.self.callback (/usr/local/lib/node_modules/npm/node_modules/request/request.js:123:22)
48 error     at Request.EventEmitter.emit (events.js:98:17)
48 error     at Request.<anonymous> (/usr/local/lib/node_modules/npm/node_modules/request/request.js:893:14)
48 error     at Request.EventEmitter.emit (events.js:117:20)
48 error     at IncomingMessage.<anonymous> (/usr/local/lib/node_modules/npm/node_modules/request/request.js:844:12)
48 error     at IncomingMessage.EventEmitter.emit (events.js:117:20)
48 error     at _stream_readable.js:919:16
48 error     at process._tickCallback (node.js:419:13)
49 error If you need help, you may report this *entire* log,
49 error including the npm and node versions, at:
49 error     <http://github.com/npm/npm/issues>
50 error System Darwin 13.3.0
51 error command "node" "/usr/local/bin/npm" "publish"
52 error cwd /Users/JesusElementSoftware/Jesus/color-logs
53 error node -v v0.10.28
54 error npm -v 1.4.9
55 verbose exit [ 1, true ]
